total 9540
drwxr-xr-x 1 byrln 197609      0 Apr 26 05:04 ./
drwxr-xr-x 1 byrln 197609      0 Apr 25 11:55 ../
-rw-r--r-- 1 byrln 197609 674589 Apr 26 05:03 belt1.png
-rw-r--r-- 1 byrln 197609 637847 Apr 26 05:03 belt2.png
-rw-r--r-- 1 byrln 197609 779784 Apr 26 05:04 belt3.png
-rw-r--r-- 1 byrln 197609 762105 Apr 26 05:04 belt4.png
-rw-r--r-- 1 byrln 197609 390742 Apr 26 04:44 boots1.png
-rw-r--r-- 1 byrln 197609 400142 Apr 26 04:45 Boots2.png
-rw-r--r-- 1 byrln 197609 402920 Apr 26 04:45 Boots3.png
-rw-r--r-- 1 byrln 197609 534193 Apr 26 04:46 Boots4.png
-rw-r--r-- 1 byrln 197609 233860 Apr 26 04:48 dress1.png
-rw-r--r-- 1 byrln 197609 476330 Apr 26 04:48 dress2.png
-rw-r--r-- 1 byrln 197609 601375 Apr 26 04:49 dress3.png
-rw-r--r-- 1 byrln 197609 150293 Apr 26 04:50 dress4.png
-rw-r--r-- 1 byrln 197609 177376 Mar 13 13:01 grain.jpg
-rw-r--r-- 1 byrln 197609   1306 Apr 26 01:17 not-found.svg
-rw-r--r-- 1 byrln 197609 488798 Apr 26 04:36 pant1.png
-rw-r--r-- 1 byrln 197609 444520 Apr 26 04:37 pant2.png
-rw-r--r-- 1 byrln 197609 334921 Apr 26 04:38 pant3.png
-rw-r--r-- 1 byrln 197609 209473 Apr 25 12:12 place.jpg
-rw-r--r-- 1 byrln 197609 577959 Apr 26 04:39 T-shirt1.png
-rw-r--r-- 1 byrln 197609 553753 Apr 26 04:41 T-shirt2.png
-rw-r--r-- 1 byrln 197609 404477 Apr 26 04:41 T-shirt3.png
-rw-r--r-- 1 byrln 197609 478322 Apr 26 04:42 T-shirt4.png
